<?xml version="1.0" encoding="UTF-8"?>
<!-- Generated by org.testng.reporters.JUnitReportReporter -->
<testsuite hostname="DESKTOP-E5SOLVG" failures="0" tests="1" name="pratice.LoginSwapLab" time="0.000" errors="0" timestamp="2023-01-10T23:19:26 IST" skipped="1">
  <testcase classname="pratice.LoginSwapLab" name="verifyLogin" time="0.000">
    <skipped/>
  </testcase> <!-- verifyLogin -->
  <system-out/>
</testsuite> <!-- pratice.LoginSwapLab -->
